[2025-09-09 15:45:30] Admin login successful | Context: {"admin_id":1,"username":"admin"}
[2025-09-09 15:47:52] Admin login successful | Context: {"admin_id":1,"username":"admin"}
[2025-09-09 15:48:47] Admin login successful | Context: {"admin_id":1,"username":"admin"}
[2025-09-09 15:49:06] Admin login successful | Context: {"admin_id":1,"username":"admin"}
[2025-09-09 15:51:45] Admin login successful | Context: {"admin_id":1,"username":"admin"}
[2025-09-09 15:53:41] Admin login successful | Context: {"admin_id":1,"username":"admin"}
[2025-09-09 17:08:09] Admin login successful | Context: {"admin_id":1,"username":"admin"}
[2025-09-09 17:41:21] Admin login successful | Context: {"admin_id":1,"username":"admin"}
[2025-09-10 13:02:33] Admin login successful | Context: {"admin_id":1,"username":"admin"}
[2025-09-10 19:12:25] Admin login successful | Context: {"admin_id":1,"username":"admin"}
[2025-09-15 18:24:22] Admin login successful | Context: {"admin_id":1,"username":"admin"}
[2025-09-15 18:49:17] Admin login successful | Context: {"admin_id":1,"username":"admin"}
[2025-09-15 18:56:48] Admin login successful | Context: {"admin_id":1,"username":"admin"}
[2025-09-15 19:07:26] Admin login successful | Context: {"admin_id":1,"username":"admin"}
[2025-09-15 19:10:30] Admin login successful | Context: {"admin_id":1,"username":"admin"}
[2025-09-16 03:48:01] Admin login successful | Context: {"admin_id":1,"username":"admin"}
[2025-09-16 03:51:36] Parent add failed - validation error | Context: {"admin_id":1}
[2025-09-17 18:34:32] Teacher add failed - duplicate username | Context: {"username":"SirJeff"}
[2025-09-17 18:35:06] Teacher add failed - duplicate email | Context: {"email":"jeff@gmail.com"}
[2025-09-17 18:39:40] Teacher add failed - duplicate name | Context: {"name":"Jeffry M. Duria"}
[2025-09-17 18:40:19] Teacher add failed - duplicate username | Context: {"username":"SirJeff"}
[2025-09-17 18:44:45] Student add failed - duplicate name | Context: {"name":"Darren B. Martin"}
[2025-09-17 18:49:31] Parent add failed - duplicate email | Context: {"email":"marilou@gmail.com"}
